Removed Pin From Net: NetName=GND Pin=P1-1
Removed Pin From Net: NetName=TSVP 12V Pin=P1-2
Removed Pin From Net: NetName=TS+ Pin=P2-2
Removed Pin From Net: NetName=TS- Pin=P2-4
Removed Pin From Net: NetName=TS+ Pin=R7-2
Removed Pin From Net: NetName=TS+ Pin=R9-1
Removed Pin From Net: NetName=TS- Pin=R10-1
Removed Pin From Net: NetName=NetC3_1 Pin=TSVP DC-DC1-4
Removed Pin From Net: NetName=NetC3_2 Pin=TSVP DC-DC1-5
Removed Pin From Net: NetName=TSVP 12V Pin=TSVP DC-DC1-7
Removed Pin From Net: NetName=GND Pin=TSVP DC-DC1-8
Removed Member From Class: ClassName=Isolation Member=P1
Removed Member From Class: ClassName=Isolation Member=P2
Removed Member From Class: ClassName=Isolation Member=R7
Removed Member From Class: ClassName=Isolation Member=R9
Removed Member From Class: ClassName=Isolation Member=R10
Removed Member From Class: ClassName=Isolation Member=TSVP DC-DC1
Change Component Designator: OldDesignator=C1 NewDesignator=C5
Change Component Designator: OldDesignator=C2 NewDesignator=C4
Change Component Designator: OldDesignator=C3 NewDesignator=C1
Change Component Designator: OldDesignator=C4 NewDesignator=C3
Change Component Designator: OldDesignator=C5 NewDesignator=C2
Change Component Designator: OldDesignator=R8 NewDesignator=R2
Added Component: Designator=J1(194270040)
Add component. Clean all parameters for all variants
Add component (AddParameter): Name = "Datasheet Link"; Value = "https://www.molex.com/pdm_docs/sd/194270040_sd.pdf"; VariantName = "[No Variations]"
Add component (AddParameter): Name = "Height"; Value = "29.13mm"; VariantName = "[No Variations]"
Add component (AddParameter): Name = "Manufacturer_Name"; Value = "Molex"; VariantName = "[No Variations]"
Add component (AddParameter): Name = "Manufacturer_Part_Number"; Value = "19427-0040"; VariantName = "[No Variations]"
Add component (AddParameter): Name = "Mouser Part Number"; Value = "538-19427-0040"; VariantName = "[No Variations]"
Add component (AddParameter): Name = "Mouser Price/Stock"; Value = "https://www.mouser.com/Search/Refine.aspx?Keyword=538-19427-0040"; VariantName = "[No Variations]"
Add component (AddParameter): Name = "RS Part Number"; Value = ""; VariantName = "[No Variations]"
Add component (AddParameter): Name = "RS Price/Stock"; Value = ""; VariantName = "[No Variations]"
Added Component: Designator=J2(194270040)
Add component. Clean all parameters for all variants
Add component (AddParameter): Name = "Datasheet Link"; Value = "https://www.molex.com/pdm_docs/sd/194270040_sd.pdf"; VariantName = "[No Variations]"
Add component (AddParameter): Name = "Height"; Value = "29.13mm"; VariantName = "[No Variations]"
Add component (AddParameter): Name = "Manufacturer_Name"; Value = "Molex"; VariantName = "[No Variations]"
Add component (AddParameter): Name = "Manufacturer_Part_Number"; Value = "19427-0040"; VariantName = "[No Variations]"
Add component (AddParameter): Name = "Mouser Part Number"; Value = "538-19427-0040"; VariantName = "[No Variations]"
Add component (AddParameter): Name = "Mouser Price/Stock"; Value = "https://www.mouser.com/Search/Refine.aspx?Keyword=538-19427-0040"; VariantName = "[No Variations]"
Add component (AddParameter): Name = "RS Part Number"; Value = ""; VariantName = "[No Variations]"
Add component (AddParameter): Name = "RS Price/Stock"; Value = ""; VariantName = "[No Variations]"
Added Component: Designator=PS1(EC7BW110S12)
Add component. Clean all parameters for all variants
Add component (AddParameter): Name = "Datasheet Link"; Value = "https://www.cincon.com/productdownload/SPEC-EC7BW-110-V13.pdf"; VariantName = "[No Variations]"
Add component (AddParameter): Name = "Height"; Value = "10.7mm"; VariantName = "[No Variations]"
Add component (AddParameter): Name = "Manufacturer_Name"; Value = "Cincon"; VariantName = "[No Variations]"
Add component (AddParameter): Name = "Manufacturer_Part_Number"; Value = "EC7BW-110S12"; VariantName = "[No Variations]"
Add component (AddParameter): Name = "Mouser Part Number"; Value = "418-EC7BW-110S12"; VariantName = "[No Variations]"
Add component (AddParameter): Name = "Mouser Price/Stock"; Value = "https://www.mouser.com/Search/Refine.aspx?Keyword=418-EC7BW-110S12"; VariantName = "[No Variations]"
Add component (AddParameter): Name = "RS Part Number"; Value = ""; VariantName = "[No Variations]"
Add component (AddParameter): Name = "RS Price/Stock"; Value = ""; VariantName = "[No Variations]"
Added Component: Designator=R1(C1206)
Add component. Clean all parameters for all variants
Add component (AddParameter): Name = "Code_IPC"; Value = "2012 [0805]"; VariantName = "[No Variations]"
Add component (AddParameter): Name = "ComponentLink1Description"; Value = "Manufacturer Link"; VariantName = "[No Variations]"
Add component (AddParameter): Name = "ComponentLink1URL"; Value = "http://www.panasonic.com/industrial/components/resistive_products.htm"; VariantName = "[No Variations]"
Add component (AddParameter): Name = "ComponentLink2Description"; Value = "Datasheet"; VariantName = "[No Variations]"
Add component (AddParameter): Name = "ComponentLink2URL"; Value = "http://www.panasonic.com/industrial/components/pdf/AOA0000CE2.pdf"; VariantName = "[No Variations]"
Add component (AddParameter): Name = "LatestRevisionDate"; Value = "19-Mar-2004"; VariantName = "[No Variations]"
Add component (AddParameter): Name = "LatestRevisionNote"; Value = "Silkscreen size reduced."; VariantName = "[No Variations]"
Add component (AddParameter): Name = "PackageDocument"; Value = "Mar-2003"; VariantName = "[No Variations]"
Add component (AddParameter): Name = "PackageReference"; Value = "6-0805"; VariantName = "[No Variations]"
Add component (AddParameter): Name = "Published"; Value = "17-Dec-2003"; VariantName = "[No Variations]"
Add component (AddParameter): Name = "Publisher"; Value = "Altium Limited"; VariantName = "[No Variations]"
Add component (AddParameter): Name = "Supplier Part Number 1"; Value = "541-20.0KUCT-ND"; VariantName = "[No Variations]"
Added Pin To Net: NetName=TS+ Pin=J1-1
Added Pin To Net: NetName=TS- Pin=J1-2
Added Pin To Net: NetName=GND Pin=J2-1
Added Pin To Net: NetName=TSVP 12V Pin=J2-2
Added Pin To Net: NetName=NetC3_2 Pin=PS1-1
Added Pin To Net: NetName=NetC3_1 Pin=PS1-2
Added Pin To Net: NetName=TSVP 12V Pin=PS1-3
Added Pin To Net: NetName=GND Pin=PS1-5
Added Pin To Net: NetName=TS+ Pin=R1-2
Change Net Name : Old Net Name=NetC3_1 New Net Name=NetC1_1
Change Net Name : Old Net Name=NetC3_2 New Net Name=NetC1_2
Added Pin To Net: NetName=NetPS1_6 Pin=PS1-6
Added Pin To Net: NetName=NetPS1_6 Pin=R1-1
Added Pin To Net: NetName=NetPS1_6 Pin=R2-2
Added Net: Name=NetPS1_6
Added Member To Class: ClassName=Isolation Member=Component J1 19427-0040
Added Member To Class: ClassName=Isolation Member=Component J2 19427-0040
Added Member To Class: ClassName=Isolation Member=Component PS1 EC7BW-110S12
Added Member To Class: ClassName=Isolation Member=Component R1 20k
